Using pre-set license
Built from '2022.3/staging' branch; Version is '2022.3.41f1 (0f988161febf) revision 1022081'; Using compiler version '192829333'; Build Type 'Release'
OS: 'Windows 10  (10.0.19045) 64bit Core' Language: 'en' Physical Memory: 16274 MB
BatchMode: 1, IsHumanControllingUs: 0, StartBugReporterOnCrash: 0, Is64bit: 1, IsPro: 1

COMMAND LINE ARGUMENTS:
X:\unity install location\2022.3.41f1\Editor\Unity.exe
-adb2
-batchMode
-noUpm
-name
AssetImportWorker3
-projectPath
C:/Users/llane/OneDrive/Desktop/Programming-Project/Food Safety Game Development
-logFile
Logs/AssetImportWorker3.log
-srvPort
64997
Successfully changed project path to: C:/Users/llane/OneDrive/Desktop/Programming-Project/Food Safety Game Development
C:/Users/llane/OneDrive/Desktop/Programming-Project/Food Safety Game Development
[UnityMemory] Configuration Parameters - Can be set up in boot.config
    "memorysetup-bucket-allocator-granularity=16"
    "memorysetup-bucket-allocator-bucket-count=8"
    "memorysetup-bucket-allocator-block-size=33554432"
    "memorysetup-bucket-allocator-block-count=8"
    "memorysetup-main-allocator-block-size=16777216"
    "memorysetup-thread-allocator-block-size=16777216"
    "memorysetup-gfx-main-allocator-block-size=16777216"
    "memorysetup-gfx-thread-allocator-block-size=16777216"
    "memorysetup-cache-allocator-block-size=4194304"
    "memorysetup-typetree-allocator-block-size=2097152"
    "memorysetup-profiler-bucket-allocator-granularity=16"
    "memorysetup-profiler-bucket-allocator-bucket-count=8"
    "memorysetup-profiler-bucket-allocator-block-size=33554432"
    "memorysetup-profiler-bucket-allocator-block-count=8"
    "memorysetup-profiler-allocator-block-size=16777216"
    "memorysetup-profiler-editor-allocator-block-size=1048576"
    "memorysetup-temp-allocator-size-main=16777216"
    "memorysetup-job-temp-allocator-block-size=2097152"
    "memorysetup-job-temp-allocator-block-size-background=1048576"
    "memorysetup-job-temp-allocator-reduction-small-platforms=262144"
    "memorysetup-allocator-temp-initial-block-size-main=262144"
    "memorysetup-allocator-temp-initial-block-size-worker=262144"
    "memorysetup-temp-allocator-size-background-worker=32768"
    "memorysetup-temp-allocator-size-job-worker=262144"
    "memorysetup-temp-allocator-size-preload-manager=33554432"
    "memorysetup-temp-allocator-size-nav-mesh-worker=65536"
    "memorysetup-temp-allocator-size-audio-worker=65536"
    "memorysetup-temp-allocator-size-cloud-worker=32768"
    "memorysetup-temp-allocator-size-gi-baking-worker=262144"
    "memorysetup-temp-allocator-size-gfx=262144"
Player connection [28144]  Target information:

Player connection [28144]  * "[IP] 192.168.0.82 [Port] 0 [Flags] 2 [Guid] 634088998 [EditorId] 634088998 [Version] 1048832 [Id] WindowsEditor(7,DESKTOP-PISQ9GD) [Debug] 1 [PackageName] WindowsEditor [ProjectName] Editor" 

Player connection [28144] Host joined multi-casting on [225.0.0.222:54997]...
Player connection [28144] Host joined alternative multi-casting on [225.0.0.222:34997]...
[PhysX] Initialized MultithreadedTaskDispatcher with 20 workers.
Refreshing native plugins compatible for Editor in 0.00 ms, found 0 plugins.
Preloading 0 native plugins for Editor in 0.00 ms.
Initialize engine version: 2022.3.41f1 (0f988161febf)
[Subsystems] Discovering subsystems at path X:/unity install location/2022.3.41f1/Editor/Data/Resources/UnitySubsystems
[Subsystems] Discovering subsystems at path C:/Users/llane/OneDrive/Desktop/Programming-Project/Food Safety Game Development/Assets
GfxDevice: creating device client; threaded=0; jobified=0
Direct3D:
    Version:  Direct3D 11.0 [level 11.1]
    Renderer: NVIDIA GeForce RTX 3070 (ID=0x2484)
    Vendor:   NVIDIA
    VRAM:     8018 MB
    Driver:   32.0.15.7652
Initialize mono
Mono path[0] = 'X:/unity install location/2022.3.41f1/Editor/Data/Managed'
Mono path[1] = 'X:/unity install location/2022.3.41f1/Editor/Data/MonoBleedingEdge/lib/mono/unityjit-win32'
Mono config path = 'X:/unity install location/2022.3.41f1/Editor/Data/MonoBleedingEdge/etc'
Using monoOptions --debugger-agent=transport=dt_socket,embedding=1,server=y,suspend=n,address=127.0.0.1:56440
Begin MonoManager ReloadAssembly
Registering precompiled unity dll's ...
Register platform support module: X:/unity install location/2022.3.41f1/Editor/Data/PlaybackEngines/AndroidPlayer/UnityEditor.Android.Extensions.dll
Register platform support module: X:/unity install location/2022.3.41f1/Editor/Data/PlaybackEngines/iOSSupport/UnityEditor.iOS.Extensions.dll
Register platform support module: X:/unity install location/2022.3.41f1/Editor/Data/PlaybackEngines/WindowsStandaloneSupport/UnityEditor.WindowsStandalone.Extensions.dll
Registered in 0.005315 seconds.
- Loaded All Assemblies, in  0.363 seconds
Native extension for WindowsStandalone target not found
[usbmuxd] Start listen thread
[usbmuxd] Listen thread started
Native extension for iOS target not found
Native extension for Android target not found
Android Extension - Scanning For ADB Devices 279 ms
Mono: successfully reloaded assembly
- Finished resetting the current domain, in  0.600 seconds
Domain Reload Profiling: 963ms
	BeginReloadAssembly (120ms)
		ExecutionOrderSort (0ms)
		DisableScriptedObjects (0ms)
		BackupInstance (0ms)
		ReleaseScriptingObjects (0ms)
		CreateAndSetChildDomain (1ms)
	RebuildCommonClasses (31ms)
	RebuildNativeTypeToScriptingClass (12ms)
	initialDomainReloadingComplete (47ms)
	LoadAllAssembliesAndSetupDomain (153ms)
		LoadAssemblies (120ms)
		RebuildTransferFunctionScriptingTraits (0ms)
		AnalyzeDomain (150ms)
			TypeCache.Refresh (149ms)
				TypeCache.ScanAssembly (131ms)
			ScanForSourceGeneratedMonoScriptInfo (0ms)
			ResolveRequiredComponents (1ms)
	FinalizeReload (601ms)
		ReleaseScriptCaches (0ms)
		RebuildScriptCaches (0ms)
		SetupLoadedEditorAssemblies (556ms)
			LogAssemblyErrors (0ms)
			InitializePlatformSupportModulesInManaged (396ms)
			SetLoadedEditorAssemblies (4ms)
			RefreshPlugins (0ms)
			BeforeProcessingInitializeOnLoad (2ms)
			ProcessInitializeOnLoadAttributes (112ms)
			ProcessInitializeOnLoadMethodAttributes (42ms)
			AfterProcessingInitializeOnLoad (0ms)
			EditorAssembliesLoaded (0ms)
		ExecutionOrderSort2 (0ms)
		AwakeInstancesAfterBackupRestoration (0ms)
========================================================================
Worker process is ready to serve import requests
Caller must complete domain reload
Begin MonoManager ReloadAssembly
- Loaded All Assemblies, in  0.230 seconds
Native extension for WindowsStandalone target not found
Native extension for iOS target not found
Native extension for Android target not found
Mono: successfully reloaded assembly
- Finished resetting the current domain, in  0.369 seconds
Domain Reload Profiling: 598ms
	BeginReloadAssembly (134ms)
		ExecutionOrderSort (0ms)
		DisableScriptedObjects (5ms)
		BackupInstance (0ms)
		ReleaseScriptingObjects (0ms)
		CreateAndSetChildDomain (20ms)
	RebuildCommonClasses (31ms)
	RebuildNativeTypeToScriptingClass (10ms)
	initialDomainReloadingComplete (17ms)
	LoadAllAssembliesAndSetupDomain (37ms)
		LoadAssemblies (89ms)
		RebuildTransferFunctionScriptingTraits (0ms)
		AnalyzeDomain (29ms)
			TypeCache.Refresh (25ms)
				TypeCache.ScanAssembly (14ms)
			ScanForSourceGeneratedMonoScriptInfo (3ms)
			ResolveRequiredComponents (1ms)
	FinalizeReload (369ms)
		ReleaseScriptCaches (0ms)
		RebuildScriptCaches (0ms)
		SetupLoadedEditorAssemblies (239ms)
			LogAssemblyErrors (0ms)
			InitializePlatformSupportModulesInManaged (28ms)
			SetLoadedEditorAssemblies (4ms)
			RefreshPlugins (0ms)
			BeforeProcessingInitializeOnLoad (34ms)
			ProcessInitializeOnLoadAttributes (151ms)
			ProcessInitializeOnLoadMethodAttributes (19ms)
			AfterProcessingInitializeOnLoad (3ms)
			EditorAssembliesLoaded (0ms)
		ExecutionOrderSort2 (0ms)
		AwakeInstancesAfterBackupRestoration (6ms)
Launched and connected shader compiler UnityShaderCompiler.exe after 0.03 seconds
Refreshing native plugins compatible for Editor in 0.00 ms, found 0 plugins.
Preloading 0 native plugins for Editor in 0.00 ms.
Unloading 406 Unused Serialized files (Serialized files now loaded: 0)
Unloading 3 unused Assets / (87.6 KB). Loaded Objects now: 905.
Memory consumption went from 86.5 MB to 86.4 MB.
Total: 4.690300 ms (FindLiveObjects: 0.101400 ms CreateObjectMapping: 0.026900 ms MarkObjects: 4.441400 ms  DeleteObjects: 0.118300 ms)

AssetImportParameters requested are different than current active one (requested -> active):
  custom:video-encoder-webm-vp8: eb34c28f22e8b96e1ab97ce403110664 -> 
  custom:video-decoder-webm-vp8: 9c59270c3fd7afecdb556c50c9e8de78 -> 
  custom:audio-decoder-ogg-vorbis: bf7c407c2cedff20999df2af8eb42d56 -> 
  custom:video-decoder-ogg-theora: a1e56fd34408186e4bbccfd4996cb3dc -> 
  custom:audio-encoder-webm-vorbis: bf7c407c2cedff20999df2af8eb42d56 -> 
  custom:SearchIndexIgnoredProperties: e643bd26f0fe6173181afceb89e7c659 -> 
  custom:container-demuxer-ogg: 62fdf1f143b41e24485cea50d1cbac27 -> 
  custom:AudioImporter_EditorPlatform: d09bf68614088b80899f8185d706f6e7 -> 
  custom:CustomObjectIndexerAttribute: 9a22284fe3817be447336de3de66b15e -> 
  custom:framework-win-MediaFoundation: 216162199b28c13a410421893ffa2e32 -> 
  custom:container-demuxer-webm: 4f35f7cbe854078d1ac9338744f61a02 -> 
  custom:container-muxer-webm: aa71ff27fc2769a1b78a27578f13a17b -> 
========================================================================
Received Import Request.
  Time since last request: 1236380.691009 seconds.
  path: Assets/Assets/furniture/nature/Models/FireParticle.fbx
  artifactKey: Guid(dc361669c609eb24c8940f9c51167859) Importer(815301076,1909f56bfc062723c751e8b465ee728b)
Start importing Assets/Assets/furniture/nature/Models/FireParticle.fbx using Guid(dc361669c609eb24c8940f9c51167859) Importer(815301076,1909f56bfc062723c751e8b465ee728b) [PhysX] Initialized MultithreadedTaskDispatcher with 20 workers.
[PhysX] Initialized MultithreadedTaskDispatcher with 20 workers.
[PhysX] Initialized MultithreadedTaskDispatcher with 20 workers.
 -> (artifact id: '19d52280e2f24b356e3554ea649182b7') in 0.114773 seconds
Number of updated asset objects reloaded before import = 0
Number of asset objects unloaded after import = 7
========================================================================
Received Import Request.
  Time since last request: 0.000023 seconds.
  path: Assets/Assets/furniture/nature/Models/Rock12.fbx
  artifactKey: Guid(43ee757e6d4e733469e710178cf7e322) Importer(815301076,1909f56bfc062723c751e8b465ee728b)
Start importing Assets/Assets/furniture/nature/Models/Rock12.fbx using Guid(43ee757e6d4e733469e710178cf7e322) Importer(815301076,1909f56bfc062723c751e8b465ee728b) [PhysX] Initialized MultithreadedTaskDispatcher with 20 workers.
[PhysX] Initialized MultithreadedTaskDispatcher with 20 workers.
[PhysX] Initialized MultithreadedTaskDispatcher with 20 workers.
 -> (artifact id: '46d15a04c969b232eb7be35012b97076') in 0.016673 seconds
Number of updated asset objects reloaded before import = 0
Number of asset objects unloaded after import = 7
========================================================================
Received Import Request.
  Time since last request: 0.000020 seconds.
  path: Assets/Assets/furniture/nature/Models/TreeDead2.fbx
  artifactKey: Guid(b54382c620f8b7242b02940a41e44c5d) Importer(815301076,1909f56bfc062723c751e8b465ee728b)
Start importing Assets/Assets/furniture/nature/Models/TreeDead2.fbx using Guid(b54382c620f8b7242b02940a41e44c5d) Importer(815301076,1909f56bfc062723c751e8b465ee728b) [PhysX] Initialized MultithreadedTaskDispatcher with 20 workers.
[PhysX] Initialized MultithreadedTaskDispatcher with 20 workers.
[PhysX] Initialized MultithreadedTaskDispatcher with 20 workers.
 -> (artifact id: 'f9fb87b45fc4071d47964dc6e9cb347d') in 0.015758 seconds
Number of updated asset objects reloaded before import = 0
Number of asset objects unloaded after import = 7
========================================================================
Received Import Request.
  Time since last request: 0.000018 seconds.
  path: Assets/Assets/furniture/nature/Models/Flower3.fbx
  artifactKey: Guid(0b327016a46383242b0c0f14ed5d68b9) Importer(815301076,1909f56bfc062723c751e8b465ee728b)
Start importing Assets/Assets/furniture/nature/Models/Flower3.fbx using Guid(0b327016a46383242b0c0f14ed5d68b9) Importer(815301076,1909f56bfc062723c751e8b465ee728b) [PhysX] Initialized MultithreadedTaskDispatcher with 20 workers.
[PhysX] Initialized MultithreadedTaskDispatcher with 20 workers.
[PhysX] Initialized MultithreadedTaskDispatcher with 20 workers.
 -> (artifact id: '592f1949a1b81af7e1dfa0658ac435b5') in 0.016741 seconds
Number of updated asset objects reloaded before import = 0
Number of asset objects unloaded after import = 7
========================================================================
Received Import Request.
  Time since last request: 0.000018 seconds.
  path: Assets/Assets/furniture/nature/Models/Paddle.fbx
  artifactKey: Guid(b62293594e3695c48b305cd99fdd72e0) Importer(815301076,1909f56bfc062723c751e8b465ee728b)
Start importing Assets/Assets/furniture/nature/Models/Paddle.fbx using Guid(b62293594e3695c48b305cd99fdd72e0) Importer(815301076,1909f56bfc062723c751e8b465ee728b) [PhysX] Initialized MultithreadedTaskDispatcher with 20 workers.
[PhysX] Initialized MultithreadedTaskDispatcher with 20 workers.
[PhysX] Initialized MultithreadedTaskDispatcher with 20 workers.
 -> (artifact id: '3bcba681a4c5fdb80007425cd19f74f2') in 0.016946 seconds
Number of updated asset objects reloaded before import = 0
Number of asset objects unloaded after import = 7
========================================================================
Received Import Request.
  Time since last request: 0.000015 seconds.
  path: Assets/Assets/furniture/nature/Models/WoodFence2.fbx
  artifactKey: Guid(a7eee764f17b55b4dbca990db05fd90b) Importer(815301076,1909f56bfc062723c751e8b465ee728b)
Start importing Assets/Assets/furniture/nature/Models/WoodFence2.fbx using Guid(a7eee764f17b55b4dbca990db05fd90b) Importer(815301076,1909f56bfc062723c751e8b465ee728b) [PhysX] Initialized MultithreadedTaskDispatcher with 20 workers.
[PhysX] Initialized MultithreadedTaskDispatcher with 20 workers.
[PhysX] Initialized MultithreadedTaskDispatcher with 20 workers.
 -> (artifact id: 'cfc607ae7d54e70c857e9593bce25941') in 0.017172 seconds
Number of updated asset objects reloaded before import = 0
Number of asset objects unloaded after import = 7
========================================================================
Received Import Request.
  Time since last request: 0.000013 seconds.
  path: Assets/Assets/furniture/nature/Models/Rock2.fbx
  artifactKey: Guid(ff14cd0f332a7e04baab73f8c39b3918) Importer(815301076,1909f56bfc062723c751e8b465ee728b)
Start importing Assets/Assets/furniture/nature/Models/Rock2.fbx using Guid(ff14cd0f332a7e04baab73f8c39b3918) Importer(815301076,1909f56bfc062723c751e8b465ee728b) [PhysX] Initialized MultithreadedTaskDispatcher with 20 workers.
[PhysX] Initialized MultithreadedTaskDispatcher with 20 workers.
[PhysX] Initialized MultithreadedTaskDispatcher with 20 workers.
 -> (artifact id: '66a859856fd88a3cacc6a63d1ae3b57a') in 0.016851 seconds
Number of updated asset objects reloaded before import = 0
Number of asset objects unloaded after import = 7
========================================================================
Received Import Request.
  Time since last request: 0.000015 seconds.
  path: Assets/Assets/furniture/nature/Models/FireWood.fbx
  artifactKey: Guid(76e0ad8bbe5fca64f90e1cb33a04e75e) Importer(815301076,1909f56bfc062723c751e8b465ee728b)
Start importing Assets/Assets/furniture/nature/Models/FireWood.fbx using Guid(76e0ad8bbe5fca64f90e1cb33a04e75e) Importer(815301076,1909f56bfc062723c751e8b465ee728b) [PhysX] Initialized MultithreadedTaskDispatcher with 20 workers.
[PhysX] Initialized MultithreadedTaskDispatcher with 20 workers.
[PhysX] Initialized MultithreadedTaskDispatcher with 20 workers.
 -> (artifact id: '2ea2e00c4c0ebe4adae131f89a91c24f') in 0.017802 seconds
Number of updated asset objects reloaded before import = 0
Number of asset objects unloaded after import = 7
========================================================================
Received Import Request.
  Time since last request: 0.000013 seconds.
  path: Assets/Assets/furniture/nature/Models/Flower2.fbx
  artifactKey: Guid(0c77d10ec0c97b54da131d936ef92059) Importer(815301076,1909f56bfc062723c751e8b465ee728b)
Start importing Assets/Assets/furniture/nature/Models/Flower2.fbx using Guid(0c77d10ec0c97b54da131d936ef92059) Importer(815301076,1909f56bfc062723c751e8b465ee728b) [PhysX] Initialized MultithreadedTaskDispatcher with 20 workers.
[PhysX] Initialized MultithreadedTaskDispatcher with 20 workers.
[PhysX] Initialized MultithreadedTaskDispatcher with 20 workers.
 -> (artifact id: '9fc5cf2489d5cca496ba45bd6ccb3407') in 0.016648 seconds
Number of updated asset objects reloaded before import = 0
Number of asset objects unloaded after import = 7
========================================================================
Received Import Request.
  Time since last request: 0.000020 seconds.
  path: Assets/Assets/furniture/nature/Models/Grass1.fbx
  artifactKey: Guid(5954e88e9d890844e863ec1621dc70a4) Importer(815301076,1909f56bfc062723c751e8b465ee728b)
Start importing Assets/Assets/furniture/nature/Models/Grass1.fbx using Guid(5954e88e9d890844e863ec1621dc70a4) Importer(815301076,1909f56bfc062723c751e8b465ee728b) [PhysX] Initialized MultithreadedTaskDispatcher with 20 workers.
[PhysX] Initialized MultithreadedTaskDispatcher with 20 workers.
[PhysX] Initialized MultithreadedTaskDispatcher with 20 workers.
 -> (artifact id: 'c3b4efa48d7be811e3d54f3227457518') in 0.016634 seconds
Number of updated asset objects reloaded before import = 0
Number of asset objects unloaded after import = 7
========================================================================
Received Import Request.
  Time since last request: 47.327905 seconds.
  path: Assets/Assets/furniture/nature/Prefabs/Tree1.prefab
  artifactKey: Guid(5983c8a04c0e73047a6c860b9cd9aaad) Importer(815301076,1909f56bfc062723c751e8b465ee728b)
Start importing Assets/Assets/furniture/nature/Prefabs/Tree1.prefab using Guid(5983c8a04c0e73047a6c860b9cd9aaad) Importer(815301076,1909f56bfc062723c751e8b465ee728b) [PhysX] Initialized MultithreadedTaskDispatcher with 20 workers.
[PhysX] Initialized MultithreadedTaskDispatcher with 20 workers.
 -> (artifact id: 'feb0f8cf2aae4ae2e7008562779455f9') in 0.014246 seconds
Number of updated asset objects reloaded before import = 0
Number of asset objects unloaded after import = 10
========================================================================
Received Import Request.
  Time since last request: 165.029284 seconds.
  path: Assets/Assets/furniture/nature/Prefabs/Cloud1.prefab
  artifactKey: Guid(6789997751c6130409b863c46ad59295) Importer(815301076,1909f56bfc062723c751e8b465ee728b)
Start importing Assets/Assets/furniture/nature/Prefabs/Cloud1.prefab using Guid(6789997751c6130409b863c46ad59295) Importer(815301076,1909f56bfc062723c751e8b465ee728b) [PhysX] Initialized MultithreadedTaskDispatcher with 20 workers.
[PhysX] Initialized MultithreadedTaskDispatcher with 20 workers.
 -> (artifact id: '418b799d945a2bcee044313d5f0e1b5b') in 0.019639 seconds
Number of updated asset objects reloaded before import = 0
Number of asset objects unloaded after import = 8
========================================================================
Received Import Request.
  Time since last request: 0.002024 seconds.
  path: Assets/Assets/furniture/nature/Prefabs/Cloud2.prefab
  artifactKey: Guid(fddda2a39f85ef043ad3625db468391f) Importer(815301076,1909f56bfc062723c751e8b465ee728b)
Start importing Assets/Assets/furniture/nature/Prefabs/Cloud2.prefab using Guid(fddda2a39f85ef043ad3625db468391f) Importer(815301076,1909f56bfc062723c751e8b465ee728b) [PhysX] Initialized MultithreadedTaskDispatcher with 20 workers.
[PhysX] Initialized MultithreadedTaskDispatcher with 20 workers.
 -> (artifact id: '3cb19c42cb58f5bcefb258686383b913') in 0.019598 seconds
Number of updated asset objects reloaded before import = 0
Number of asset objects unloaded after import = 7
========================================================================
Received Import Request.
  Time since last request: 0.000021 seconds.
  path: Assets/Assets/furniture/nature/Prefabs/Tree2.prefab
  artifactKey: Guid(3e2accafa3a5f1b40ba86cf39bcb49a7) Importer(815301076,1909f56bfc062723c751e8b465ee728b)
Start importing Assets/Assets/furniture/nature/Prefabs/Tree2.prefab using Guid(3e2accafa3a5f1b40ba86cf39bcb49a7) Importer(815301076,1909f56bfc062723c751e8b465ee728b) [PhysX] Initialized MultithreadedTaskDispatcher with 20 workers.
[PhysX] Initialized MultithreadedTaskDispatcher with 20 workers.
 -> (artifact id: '87c63c6f625148dc98eb106f2f24238b') in 0.022477 seconds
Number of updated asset objects reloaded before import = 0
Number of asset objects unloaded after import = 10
========================================================================
Received Import Request.
  Time since last request: 0.000032 seconds.
  path: Assets/Assets/furniture/nature/Prefabs/Flower3.prefab
  artifactKey: Guid(221bd8eee906efe489a9f1c8aad0ec09) Importer(815301076,1909f56bfc062723c751e8b465ee728b)
Start importing Assets/Assets/furniture/nature/Prefabs/Flower3.prefab using Guid(221bd8eee906efe489a9f1c8aad0ec09) Importer(815301076,1909f56bfc062723c751e8b465ee728b) [PhysX] Initialized MultithreadedTaskDispatcher with 20 workers.
[PhysX] Initialized MultithreadedTaskDispatcher with 20 workers.
 -> (artifact id: '772d9a1c191973d5b07aad04fc26a36a') in 0.018645 seconds
Number of updated asset objects reloaded before import = 0
Number of asset objects unloaded after import = 9
========================================================================
Received Import Request.
  Time since last request: 0.000015 seconds.
  path: Assets/Assets/furniture/nature/Prefabs/WoodFence2.prefab
  artifactKey: Guid(5172505cfbc25c644ad2ab70b9c6271a) Importer(815301076,1909f56bfc062723c751e8b465ee728b)
Start importing Assets/Assets/furniture/nature/Prefabs/WoodFence2.prefab using Guid(5172505cfbc25c644ad2ab70b9c6271a) Importer(815301076,1909f56bfc062723c751e8b465ee728b) [PhysX] Initialized MultithreadedTaskDispatcher with 20 workers.
[PhysX] Initialized MultithreadedTaskDispatcher with 20 workers.
 -> (artifact id: 'd865eb6901dc78f37c2df08527e13bfb') in 0.017989 seconds
Number of updated asset objects reloaded before import = 0
Number of asset objects unloaded after import = 9
========================================================================
Received Import Request.
  Time since last request: 0.000020 seconds.
  path: Assets/Assets/furniture/nature/Prefabs/LightingPlant1.prefab
  artifactKey: Guid(46ca9bca5d4d6824c9973375d741a3df) Importer(815301076,1909f56bfc062723c751e8b465ee728b)
Start importing Assets/Assets/furniture/nature/Prefabs/LightingPlant1.prefab using Guid(46ca9bca5d4d6824c9973375d741a3df) Importer(815301076,1909f56bfc062723c751e8b465ee728b) [PhysX] Initialized MultithreadedTaskDispatcher with 20 workers.
[PhysX] Initialized MultithreadedTaskDispatcher with 20 workers.
 -> (artifact id: 'b413cd8c2a6ddf42e277919a567b74d3') in 0.016885 seconds
Number of updated asset objects reloaded before import = 0
Number of asset objects unloaded after import = 9
========================================================================
Received Import Request.
  Time since last request: 0.000020 seconds.
  path: Assets/Assets/furniture/nature/Prefabs/Mushroom3.prefab
  artifactKey: Guid(b87c30b9056d0fb4dbb257b188a32501) Importer(815301076,1909f56bfc062723c751e8b465ee728b)
Start importing Assets/Assets/furniture/nature/Prefabs/Mushroom3.prefab using Guid(b87c30b9056d0fb4dbb257b188a32501) Importer(815301076,1909f56bfc062723c751e8b465ee728b) [PhysX] Initialized MultithreadedTaskDispatcher with 20 workers.
[PhysX] Initialized MultithreadedTaskDispatcher with 20 workers.
 -> (artifact id: '058009c7b5be5710181dbb5024d20186') in 0.018503 seconds
Number of updated asset objects reloaded before import = 0
Number of asset objects unloaded after import = 9
========================================================================
Received Import Request.
  Time since last request: 0.000023 seconds.
  path: Assets/Assets/furniture/nature/Prefabs/TreePink3.prefab
  artifactKey: Guid(1850815f38acaab4085c2fb6a7ca2928) Importer(815301076,1909f56bfc062723c751e8b465ee728b)
Start importing Assets/Assets/furniture/nature/Prefabs/TreePink3.prefab using Guid(1850815f38acaab4085c2fb6a7ca2928) Importer(815301076,1909f56bfc062723c751e8b465ee728b) [PhysX] Initialized MultithreadedTaskDispatcher with 20 workers.
[PhysX] Initialized MultithreadedTaskDispatcher with 20 workers.
 -> (artifact id: 'da5a81e94520babc41c6b07175ee181d') in 0.014687 seconds
Number of updated asset objects reloaded before import = 0
Number of asset objects unloaded after import = 11
========================================================================
Received Import Request.
  Time since last request: 0.000014 seconds.
  path: Assets/Assets/furniture/nature/Prefabs/TreeYellow1.prefab
  artifactKey: Guid(d85f77d368a7cb74d88aeccc3c5a5348) Importer(815301076,1909f56bfc062723c751e8b465ee728b)
Start importing Assets/Assets/furniture/nature/Prefabs/TreeYellow1.prefab using Guid(d85f77d368a7cb74d88aeccc3c5a5348) Importer(815301076,1909f56bfc062723c751e8b465ee728b) [PhysX] Initialized MultithreadedTaskDispatcher with 20 workers.
[PhysX] Initialized MultithreadedTaskDispatcher with 20 workers.
 -> (artifact id: '57828755af57780a4ec19e9a33ad1290') in 0.014051 seconds
Number of updated asset objects reloaded before import = 0
Number of asset objects unloaded after import = 10
========================================================================
Received Import Request.
  Time since last request: 0.000022 seconds.
  path: Assets/Assets/furniture/nature/Prefabs/Rock6.prefab
  artifactKey: Guid(3f999b6beafe9d249bf9c3a91ff26ff6) Importer(815301076,1909f56bfc062723c751e8b465ee728b)
Start importing Assets/Assets/furniture/nature/Prefabs/Rock6.prefab using Guid(3f999b6beafe9d249bf9c3a91ff26ff6) Importer(815301076,1909f56bfc062723c751e8b465ee728b) [PhysX] Initialized MultithreadedTaskDispatcher with 20 workers.
[PhysX] Initialized MultithreadedTaskDispatcher with 20 workers.
 -> (artifact id: '52b7b6973e39e119ee591b3e78577f61') in 0.013442 seconds
Number of updated asset objects reloaded before import = 0
Number of asset objects unloaded after import = 9
========================================================================
Received Import Request.
  Time since last request: 0.000014 seconds.
  path: Assets/Assets/furniture/nature/Prefabs/TreePink1.prefab
  artifactKey: Guid(ccebfc242bed46749a5dcef87dd83423) Importer(815301076,1909f56bfc062723c751e8b465ee728b)
Start importing Assets/Assets/furniture/nature/Prefabs/TreePink1.prefab using Guid(ccebfc242bed46749a5dcef87dd83423) Importer(815301076,1909f56bfc062723c751e8b465ee728b) [PhysX] Initialized MultithreadedTaskDispatcher with 20 workers.
[PhysX] Initialized MultithreadedTaskDispatcher with 20 workers.
 -> (artifact id: '72aba51406cad9cca6382705ca744356') in 0.013586 seconds
Number of updated asset objects reloaded before import = 0
Number of asset objects unloaded after import = 10
========================================================================
Received Import Request.
  Time since last request: 0.000020 seconds.
  path: Assets/Assets/furniture/nature/Prefabs/Mushroom2.prefab
  artifactKey: Guid(5ad0841d147e6664f9ee38e733624608) Importer(815301076,1909f56bfc062723c751e8b465ee728b)
Start importing Assets/Assets/furniture/nature/Prefabs/Mushroom2.prefab using Guid(5ad0841d147e6664f9ee38e733624608) Importer(815301076,1909f56bfc062723c751e8b465ee728b) [PhysX] Initialized MultithreadedTaskDispatcher with 20 workers.
[PhysX] Initialized MultithreadedTaskDispatcher with 20 workers.
 -> (artifact id: 'd3c50d3d0e4f8262a759d9c932f47bd8') in 0.014298 seconds
Number of updated asset objects reloaded before import = 0
Number of asset objects unloaded after import = 9
========================================================================
Received Import Request.
  Time since last request: 0.000022 seconds.
  path: Assets/Assets/furniture/nature/Prefabs/Rock1.prefab
  artifactKey: Guid(c0695e50372965840badd7b84ed57617) Importer(815301076,1909f56bfc062723c751e8b465ee728b)
Start importing Assets/Assets/furniture/nature/Prefabs/Rock1.prefab using Guid(c0695e50372965840badd7b84ed57617) Importer(815301076,1909f56bfc062723c751e8b465ee728b) [PhysX] Initialized MultithreadedTaskDispatcher with 20 workers.
[PhysX] Initialized MultithreadedTaskDispatcher with 20 workers.
 -> (artifact id: '526726506bdde933ca4241e711fe1ea1') in 0.013612 seconds
Number of updated asset objects reloaded before import = 0
Number of asset objects unloaded after import = 9
========================================================================
Received Import Request.
  Time since last request: 0.000015 seconds.
  path: Assets/Assets/furniture/nature/Prefabs/Flower4.prefab
  artifactKey: Guid(96d41c598e0118d4e8684be3e2d7effb) Importer(815301076,1909f56bfc062723c751e8b465ee728b)
Start importing Assets/Assets/furniture/nature/Prefabs/Flower4.prefab using Guid(96d41c598e0118d4e8684be3e2d7effb) Importer(815301076,1909f56bfc062723c751e8b465ee728b) [PhysX] Initialized MultithreadedTaskDispatcher with 20 workers.
[PhysX] Initialized MultithreadedTaskDispatcher with 20 workers.
 -> (artifact id: '0cbd161052fa374c71ca0d67f29b2069') in 0.014794 seconds
Number of updated asset objects reloaded before import = 0
Number of asset objects unloaded after import = 9
========================================================================
Received Import Request.
  Time since last request: 0.000017 seconds.
  path: Assets/Assets/furniture/nature/Prefabs/TreeYellow3.prefab
  artifactKey: Guid(2196e66c52d25ac469e55fb8f4d54d4a) Importer(815301076,1909f56bfc062723c751e8b465ee728b)
Start importing Assets/Assets/furniture/nature/Prefabs/TreeYellow3.prefab using Guid(2196e66c52d25ac469e55fb8f4d54d4a) Importer(815301076,1909f56bfc062723c751e8b465ee728b) [PhysX] Initialized MultithreadedTaskDispatcher with 20 workers.
[PhysX] Initialized MultithreadedTaskDispatcher with 20 workers.
 -> (artifact id: '4400be2dab00253a7a79ddccf655d29f') in 0.013791 seconds
Number of updated asset objects reloaded before import = 0
Number of asset objects unloaded after import = 11
========================================================================
Received Import Request.
  Time since last request: 0.000014 seconds.
  path: Assets/Assets/furniture/nature/Prefabs/Flower2.prefab
  artifactKey: Guid(d7375139d18121f4daae96053a84e4c9) Importer(815301076,1909f56bfc062723c751e8b465ee728b)
Start importing Assets/Assets/furniture/nature/Prefabs/Flower2.prefab using Guid(d7375139d18121f4daae96053a84e4c9) Importer(815301076,1909f56bfc062723c751e8b465ee728b) [PhysX] Initialized MultithreadedTaskDispatcher with 20 workers.
[PhysX] Initialized MultithreadedTaskDispatcher with 20 workers.
 -> (artifact id: 'c13588fd68525fc0f2a2312741dfd809') in 0.013752 seconds
Number of updated asset objects reloaded before import = 0
Number of asset objects unloaded after import = 9
========================================================================
Received Import Request.
  Time since last request: 0.000014 seconds.
  path: Assets/Assets/furniture/nature/Prefabs/Rock10.prefab
  artifactKey: Guid(dc53baa962b6d244cb9e81ec33c0865a) Importer(815301076,1909f56bfc062723c751e8b465ee728b)
Start importing Assets/Assets/furniture/nature/Prefabs/Rock10.prefab using Guid(dc53baa962b6d244cb9e81ec33c0865a) Importer(815301076,1909f56bfc062723c751e8b465ee728b) [PhysX] Initialized MultithreadedTaskDispatcher with 20 workers.
[PhysX] Initialized MultithreadedTaskDispatcher with 20 workers.
 -> (artifact id: '8d8240dade18b565c6b992d13e205354') in 0.013912 seconds
Number of updated asset objects reloaded before import = 0
Number of asset objects unloaded after import = 9
========================================================================
Received Import Request.
  Time since last request: 0.000016 seconds.
  path: Assets/Assets/furniture/nature/Prefabs/Rock5.prefab
  artifactKey: Guid(daf661d478fbcbf4791f00721500cb43) Importer(815301076,1909f56bfc062723c751e8b465ee728b)
Start importing Assets/Assets/furniture/nature/Prefabs/Rock5.prefab using Guid(daf661d478fbcbf4791f00721500cb43) Importer(815301076,1909f56bfc062723c751e8b465ee728b) [PhysX] Initialized MultithreadedTaskDispatcher with 20 workers.
[PhysX] Initialized MultithreadedTaskDispatcher with 20 workers.
 -> (artifact id: '42ccfc1204945c724bc2394ac732e185') in 0.013832 seconds
Number of updated asset objects reloaded before import = 0
Number of asset objects unloaded after import = 9
========================================================================
Received Import Request.
  Time since last request: 0.000016 seconds.
  path: Assets/Assets/furniture/nature/Prefabs/Water.prefab
  artifactKey: Guid(8205d36f5448674429e263cd4800fd0a) Importer(815301076,1909f56bfc062723c751e8b465ee728b)
Start importing Assets/Assets/furniture/nature/Prefabs/Water.prefab using Guid(8205d36f5448674429e263cd4800fd0a) Importer(815301076,1909f56bfc062723c751e8b465ee728b) [PhysX] Initialized MultithreadedTaskDispatcher with 20 workers.
[PhysX] Initialized MultithreadedTaskDispatcher with 20 workers.
 -> (artifact id: '5c96f07734ae4a3f02123b9948226c36') in 0.146817 seconds
Number of updated asset objects reloaded before import = 0
Number of asset objects unloaded after import = 7
========================================================================
Received Import Request.
  Time since last request: 0.000026 seconds.
  path: Assets/Assets/furniture/nature/Prefabs/WoodFence1.prefab
  artifactKey: Guid(aa99a810914c5b84b9bc5d51f95dd05c) Importer(815301076,1909f56bfc062723c751e8b465ee728b)
Start importing Assets/Assets/furniture/nature/Prefabs/WoodFence1.prefab using Guid(aa99a810914c5b84b9bc5d51f95dd05c) Importer(815301076,1909f56bfc062723c751e8b465ee728b) [PhysX] Initialized MultithreadedTaskDispatcher with 20 workers.
[PhysX] Initialized MultithreadedTaskDispatcher with 20 workers.
 -> (artifact id: 'aefd35df8f6f7a3fd3f3073a9f67ea38') in 0.018003 seconds
Number of updated asset objects reloaded before import = 0
Number of asset objects unloaded after import = 9
========================================================================
Received Import Request.
  Time since last request: 0.000029 seconds.
  path: Assets/Assets/furniture/nature/Prefabs/Rock9.prefab
  artifactKey: Guid(c2cb5e8a081a26c4a94df01eb6c4e44c) Importer(815301076,1909f56bfc062723c751e8b465ee728b)
Start importing Assets/Assets/furniture/nature/Prefabs/Rock9.prefab using Guid(c2cb5e8a081a26c4a94df01eb6c4e44c) Importer(815301076,1909f56bfc062723c751e8b465ee728b) [PhysX] Initialized MultithreadedTaskDispatcher with 20 workers.
[PhysX] Initialized MultithreadedTaskDispatcher with 20 workers.
 -> (artifact id: '65c2944bbf6e9389ee7c27672c28345a') in 0.018870 seconds
Number of updated asset objects reloaded before import = 0
Number of asset objects unloaded after import = 9
========================================================================
Received Import Request.
  Time since last request: 0.000025 seconds.
  path: Assets/Assets/furniture/nature/Prefabs/Clouds1Layer.prefab
  artifactKey: Guid(e1eaa02314a382d4193af3de770677f6) Importer(815301076,1909f56bfc062723c751e8b465ee728b)
Start importing Assets/Assets/furniture/nature/Prefabs/Clouds1Layer.prefab using Guid(e1eaa02314a382d4193af3de770677f6) Importer(815301076,1909f56bfc062723c751e8b465ee728b) [PhysX] Initialized MultithreadedTaskDispatcher with 20 workers.
[PhysX] Initialized MultithreadedTaskDispatcher with 20 workers.
 -> (artifact id: 'af3f346c7e43a966a9df8be2359c5704') in 0.022223 seconds
Number of updated asset objects reloaded before import = 0
Number of asset objects unloaded after import = 8
========================================================================
Received Import Request.
  Time since last request: 0.000019 seconds.
  path: Assets/Assets/furniture/nature/Prefabs/Log.prefab
  artifactKey: Guid(23bd600a3424d9e44ac451d447977c93) Importer(815301076,1909f56bfc062723c751e8b465ee728b)
Start importing Assets/Assets/furniture/nature/Prefabs/Log.prefab using Guid(23bd600a3424d9e44ac451d447977c93) Importer(815301076,1909f56bfc062723c751e8b465ee728b) [PhysX] Initialized MultithreadedTaskDispatcher with 20 workers.
[PhysX] Initialized MultithreadedTaskDispatcher with 20 workers.
 -> (artifact id: '771f004b515ada3f33d0d01b26c43516') in 0.016113 seconds
Number of updated asset objects reloaded before import = 0
Number of asset objects unloaded after import = 10
========================================================================
Received Import Request.
  Time since last request: 0.000021 seconds.
  path: Assets/Assets/furniture/nature/Prefabs/Paddle.prefab
  artifactKey: Guid(6a50d63ff5ab71e4b973294a1776270a) Importer(815301076,1909f56bfc062723c751e8b465ee728b)
Start importing Assets/Assets/furniture/nature/Prefabs/Paddle.prefab using Guid(6a50d63ff5ab71e4b973294a1776270a) Importer(815301076,1909f56bfc062723c751e8b465ee728b) [PhysX] Initialized MultithreadedTaskDispatcher with 20 workers.
[PhysX] Initialized MultithreadedTaskDispatcher with 20 workers.
 -> (artifact id: 'fff060faa2e98ee7a4e6bfc30a203cff') in 0.020372 seconds
Number of updated asset objects reloaded before import = 0
Number of asset objects unloaded after import = 8
========================================================================
Received Import Request.
  Time since last request: 0.000023 seconds.
  path: Assets/Assets/furniture/nature/Prefabs/TreeDead1.prefab
  artifactKey: Guid(292c1954f8e2fd748857db06683062fb) Importer(815301076,1909f56bfc062723c751e8b465ee728b)
Start importing Assets/Assets/furniture/nature/Prefabs/TreeDead1.prefab using Guid(292c1954f8e2fd748857db06683062fb) Importer(815301076,1909f56bfc062723c751e8b465ee728b) [PhysX] Initialized MultithreadedTaskDispatcher with 20 workers.
[PhysX] Initialized MultithreadedTaskDispatcher with 20 workers.
 -> (artifact id: 'caf43098ae40fc51fc4b5a815f3b8610') in 0.016732 seconds
Number of updated asset objects reloaded before import = 0
Number of asset objects unloaded after import = 9
========================================================================
Received Import Request.
  Time since last request: 0.000020 seconds.
  path: Assets/Assets/furniture/nature/Prefabs/Tree3.prefab
  artifactKey: Guid(a79279818571b6848a9ccb8dcb36dd2c) Importer(815301076,1909f56bfc062723c751e8b465ee728b)
Start importing Assets/Assets/furniture/nature/Prefabs/Tree3.prefab using Guid(a79279818571b6848a9ccb8dcb36dd2c) Importer(815301076,1909f56bfc062723c751e8b465ee728b) [PhysX] Initialized MultithreadedTaskDispatcher with 20 workers.
[PhysX] Initialized MultithreadedTaskDispatcher with 20 workers.
 -> (artifact id: 'bec5209f1d7ed2ed1d71e063681cb3e8') in 0.019962 seconds
Number of updated asset objects reloaded before import = 0
Number of asset objects unloaded after import = 11
========================================================================
Received Import Request.
  Time since last request: 0.000019 seconds.
  path: Assets/Assets/furniture/nature/Prefabs/Ivy1.prefab
  artifactKey: Guid(b3cfafb3174116447b21e588ab379d0b) Importer(815301076,1909f56bfc062723c751e8b465ee728b)
Start importing Assets/Assets/furniture/nature/Prefabs/Ivy1.prefab using Guid(b3cfafb3174116447b21e588ab379d0b) Importer(815301076,1909f56bfc062723c751e8b465ee728b) [PhysX] Initialized MultithreadedTaskDispatcher with 20 workers.
[PhysX] Initialized MultithreadedTaskDispatcher with 20 workers.
 -> (artifact id: 'e0bc218db1150f8b2a07b77a1593eff5') in 0.018237 seconds
Number of updated asset objects reloaded before import = 0
Number of asset objects unloaded after import = 8
========================================================================
Received Import Request.
  Time since last request: 0.000035 seconds.
  path: Assets/Assets/furniture/nature/Prefabs/TreeDead2.prefab
  artifactKey: Guid(decec03a9de484948b79da6219847d52) Importer(815301076,1909f56bfc062723c751e8b465ee728b)
Start importing Assets/Assets/furniture/nature/Prefabs/TreeDead2.prefab using Guid(decec03a9de484948b79da6219847d52) Importer(815301076,1909f56bfc062723c751e8b465ee728b) [PhysX] Initialized MultithreadedTaskDispatcher with 20 workers.
[PhysX] Initialized MultithreadedTaskDispatcher with 20 workers.
 -> (artifact id: 'f257694ab61ade37bcae7faaf6662fa2') in 0.016061 seconds
Number of updated asset objects reloaded before import = 0
Number of asset objects unloaded after import = 9
========================================================================
Received Import Request.
  Time since last request: 0.000017 seconds.
  path: Assets/Assets/furniture/nature/Prefabs/Clouds2Layer.prefab
  artifactKey: Guid(89364a38eefe93d4495fa803300fc501) Importer(815301076,1909f56bfc062723c751e8b465ee728b)
Start importing Assets/Assets/furniture/nature/Prefabs/Clouds2Layer.prefab using Guid(89364a38eefe93d4495fa803300fc501) Importer(815301076,1909f56bfc062723c751e8b465ee728b) [PhysX] Initialized MultithreadedTaskDispatcher with 20 workers.
[PhysX] Initialized MultithreadedTaskDispatcher with 20 workers.
 -> (artifact id: '212496fc9e1ba15637690d63703be496') in 0.015574 seconds
Number of updated asset objects reloaded before import = 0
Number of asset objects unloaded after import = 8
========================================================================
Received Import Request.
  Time since last request: 0.000017 seconds.
  path: Assets/Assets/furniture/nature/Prefabs/Mushroom1.prefab
  artifactKey: Guid(1ac31fb474aead74ab0101d0d6546c52) Importer(815301076,1909f56bfc062723c751e8b465ee728b)
Start importing Assets/Assets/furniture/nature/Prefabs/Mushroom1.prefab using Guid(1ac31fb474aead74ab0101d0d6546c52) Importer(815301076,1909f56bfc062723c751e8b465ee728b) [PhysX] Initialized MultithreadedTaskDispatcher with 20 workers.
[PhysX] Initialized MultithreadedTaskDispatcher with 20 workers.
 -> (artifact id: 'd6543e680dbc2a54b1630e5920e04609') in 0.016433 seconds
Number of updated asset objects reloaded before import = 0
Number of asset objects unloaded after import = 9
========================================================================
Received Import Request.
  Time since last request: 0.000020 seconds.
  path: Assets/Assets/furniture/nature/Prefabs/MushroomLarge.prefab
  artifactKey: Guid(47ded181e73460047bae5118c0254d3e) Importer(815301076,1909f56bfc062723c751e8b465ee728b)
Start importing Assets/Assets/furniture/nature/Prefabs/MushroomLarge.prefab using Guid(47ded181e73460047bae5118c0254d3e) Importer(815301076,1909f56bfc062723c751e8b465ee728b) [PhysX] Initialized MultithreadedTaskDispatcher with 20 workers.
[PhysX] Initialized MultithreadedTaskDispatcher with 20 workers.
 -> (artifact id: '05de14af61e8394164c2cad2d81a6d62') in 0.016803 seconds
Number of updated asset objects reloaded before import = 0
Number of asset objects unloaded after import = 10
========================================================================
Received Import Request.
  Time since last request: 0.000023 seconds.
  path: Assets/Assets/furniture/nature/Prefabs/PlantEx3.prefab
  artifactKey: Guid(87b04a6b131597e4db952f9810390439) Importer(815301076,1909f56bfc062723c751e8b465ee728b)
Start importing Assets/Assets/furniture/nature/Prefabs/PlantEx3.prefab using Guid(87b04a6b131597e4db952f9810390439) Importer(815301076,1909f56bfc062723c751e8b465ee728b) [PhysX] Initialized MultithreadedTaskDispatcher with 20 workers.
[PhysX] Initialized MultithreadedTaskDispatcher with 20 workers.
 -> (artifact id: '84a2ae353a4b55dfeee548df74c167c6') in 0.017603 seconds
Number of updated asset objects reloaded before import = 0
Number of asset objects unloaded after import = 8
========================================================================
Received Import Request.
  Time since last request: 0.000034 seconds.
  path: Assets/Assets/furniture/nature/Prefabs/Rock8.prefab
  artifactKey: Guid(2e56899687a42f54aa20a3b27f073806) Importer(815301076,1909f56bfc062723c751e8b465ee728b)
Start importing Assets/Assets/furniture/nature/Prefabs/Rock8.prefab using Guid(2e56899687a42f54aa20a3b27f073806) Importer(815301076,1909f56bfc062723c751e8b465ee728b) [PhysX] Initialized MultithreadedTaskDispatcher with 20 workers.
[PhysX] Initialized MultithreadedTaskDispatcher with 20 workers.
 -> (artifact id: '204143c5f3a5218e2150c72a4dea3bed') in 0.019110 seconds
Number of updated asset objects reloaded before import = 0
Number of asset objects unloaded after import = 9
========================================================================
Received Import Request.
  Time since last request: 0.000017 seconds.
  path: Assets/Assets/furniture/nature/Prefabs/Flower1.prefab
  artifactKey: Guid(4d1f930728eb81f499eefd1f6d4db221) Importer(815301076,1909f56bfc062723c751e8b465ee728b)
Start importing Assets/Assets/furniture/nature/Prefabs/Flower1.prefab using Guid(4d1f930728eb81f499eefd1f6d4db221) Importer(815301076,1909f56bfc062723c751e8b465ee728b) [PhysX] Initialized MultithreadedTaskDispatcher with 20 workers.
[PhysX] Initialized MultithreadedTaskDispatcher with 20 workers.
 -> (artifact id: '4e378f21f448f05488e638f8280e543c') in 0.016066 seconds
Number of updated asset objects reloaded before import = 0
Number of asset objects unloaded after import = 9
========================================================================
Received Import Request.
  Time since last request: 0.000022 seconds.
  path: Assets/Assets/furniture/nature/Prefabs/LightingPlant2.prefab
  artifactKey: Guid(92101ed146e7f434cb43a3680c518e75) Importer(815301076,1909f56bfc062723c751e8b465ee728b)
Start importing Assets/Assets/furniture/nature/Prefabs/LightingPlant2.prefab using Guid(92101ed146e7f434cb43a3680c518e75) Importer(815301076,1909f56bfc062723c751e8b465ee728b) [PhysX] Initialized MultithreadedTaskDispatcher with 20 workers.
[PhysX] Initialized MultithreadedTaskDispatcher with 20 workers.
 -> (artifact id: 'ebbffe18123bb9970e9c0d04a8365c1b') in 0.017293 seconds
Number of updated asset objects reloaded before import = 0
Number of asset objects unloaded after import = 9
========================================================================
Received Import Request.
  Time since last request: 0.000039 seconds.
  path: Assets/Assets/furniture/nature/Prefabs/PlantEx4.prefab
  artifactKey: Guid(5693a57c90ef40744848833e4aa5eff8) Importer(815301076,1909f56bfc062723c751e8b465ee728b)
Start importing Assets/Assets/furniture/nature/Prefabs/PlantEx4.prefab using Guid(5693a57c90ef40744848833e4aa5eff8) Importer(815301076,1909f56bfc062723c751e8b465ee728b) [PhysX] Initialized MultithreadedTaskDispatcher with 20 workers.
[PhysX] Initialized MultithreadedTaskDispatcher with 20 workers.
 -> (artifact id: '44841e77459f7fe1ecfa1a48463f78aa') in 0.022408 seconds
Number of updated asset objects reloaded before import = 0
Number of asset objects unloaded after import = 9
========================================================================
Received Import Request.
  Time since last request: 0.000023 seconds.
  path: Assets/Assets/furniture/nature/Prefabs/WoodBoat.prefab
  artifactKey: Guid(27e25e3bc7ba5f640aea250f9a3842bd) Importer(815301076,1909f56bfc062723c751e8b465ee728b)
Start importing Assets/Assets/furniture/nature/Prefabs/WoodBoat.prefab using Guid(27e25e3bc7ba5f640aea250f9a3842bd) Importer(815301076,1909f56bfc062723c751e8b465ee728b) [PhysX] Initialized MultithreadedTaskDispatcher with 20 workers.
[PhysX] Initialized MultithreadedTaskDispatcher with 20 workers.
 -> (artifact id: 'a5d6710bb334257b7731893d62a4fde4') in 0.021743 seconds
Number of updated asset objects reloaded before import = 0
Number of asset objects unloaded after import = 8
========================================================================
Received Import Request.
  Time since last request: 0.000027 seconds.
  path: Assets/Assets/furniture/nature/Prefabs/FallenBranch.prefab
  artifactKey: Guid(f8ccaa39b2ab7414796d8eaab4b7bb81) Importer(815301076,1909f56bfc062723c751e8b465ee728b)
Start importing Assets/Assets/furniture/nature/Prefabs/FallenBranch.prefab using Guid(f8ccaa39b2ab7414796d8eaab4b7bb81) Importer(815301076,1909f56bfc062723c751e8b465ee728b) [PhysX] Initialized MultithreadedTaskDispatcher with 20 workers.
[PhysX] Initialized MultithreadedTaskDispatcher with 20 workers.
 -> (artifact id: '466cf17fba8753045a52073fc2b95153') in 0.021116 seconds
Number of updated asset objects reloaded before import = 0
Number of asset objects unloaded after import = 8
========================================================================
Received Import Request.
  Time since last request: 0.000027 seconds.
  path: Assets/Assets/furniture/nature/Prefabs/Ivy2.prefab
  artifactKey: Guid(8c1162e29ab5baf45ad76ebc6e86889b) Importer(815301076,1909f56bfc062723c751e8b465ee728b)
Start importing Assets/Assets/furniture/nature/Prefabs/Ivy2.prefab using Guid(8c1162e29ab5baf45ad76ebc6e86889b) Importer(815301076,1909f56bfc062723c751e8b465ee728b) [PhysX] Initialized MultithreadedTaskDispatcher with 20 workers.
[PhysX] Initialized MultithreadedTaskDispatcher with 20 workers.
 -> (artifact id: '63f060274b87c9809a94c7e3537af1e5') in 0.021211 seconds
Number of updated asset objects reloaded before import = 0
Number of asset objects unloaded after import = 8
========================================================================
Received Import Request.
  Time since last request: 0.000034 seconds.
  path: Assets/Assets/furniture/nature/Prefabs/Rock7.prefab
  artifactKey: Guid(387f66ad181e92a48a858cf3a9e7df2f) Importer(815301076,1909f56bfc062723c751e8b465ee728b)
Start importing Assets/Assets/furniture/nature/Prefabs/Rock7.prefab using Guid(387f66ad181e92a48a858cf3a9e7df2f) Importer(815301076,1909f56bfc062723c751e8b465ee728b) [PhysX] Initialized MultithreadedTaskDispatcher with 20 workers.
[PhysX] Initialized MultithreadedTaskDispatcher with 20 workers.
 -> (artifact id: '46c8be553dc6f65c5bad40e2ef23fb5d') in 0.023641 seconds
Number of updated asset objects reloaded before import = 0
Number of asset objects unloaded after import = 9
========================================================================
Received Import Request.
  Time since last request: 0.000025 seconds.
  path: Assets/Assets/furniture/nature/Prefabs/Rock2.prefab
  artifactKey: Guid(936441e8ad7465e409c2285b778dfd8f) Importer(815301076,1909f56bfc062723c751e8b465ee728b)
Start importing Assets/Assets/furniture/nature/Prefabs/Rock2.prefab using Guid(936441e8ad7465e409c2285b778dfd8f) Importer(815301076,1909f56bfc062723c751e8b465ee728b) [PhysX] Initialized MultithreadedTaskDispatcher with 20 workers.
[PhysX] Initialized MultithreadedTaskDispatcher with 20 workers.
 -> (artifact id: '43b5b0475dd84736b9a8b57d4f9b1e5b') in 0.020014 seconds
Number of updated asset objects reloaded before import = 0
Number of asset objects unloaded after import = 9
========================================================================
Received Import Request.
  Time since last request: 0.000019 seconds.
  path: Assets/Assets/furniture/nature/Prefabs/Grass3.prefab
  artifactKey: Guid(aca4c69ba2792044da19860502518138) Importer(815301076,1909f56bfc062723c751e8b465ee728b)
Start importing Assets/Assets/furniture/nature/Prefabs/Grass3.prefab using Guid(aca4c69ba2792044da19860502518138) Importer(815301076,1909f56bfc062723c751e8b465ee728b) [PhysX] Initialized MultithreadedTaskDispatcher with 20 workers.
[PhysX] Initialized MultithreadedTaskDispatcher with 20 workers.
 -> (artifact id: 'ced851f1203df78867960f1fc6703904') in 0.019459 seconds
Number of updated asset objects reloaded before import = 0
Number of asset objects unloaded after import = 8
========================================================================
Received Import Request.
  Time since last request: 0.000020 seconds.
  path: Assets/Assets/furniture/nature/Prefabs/Rock4.prefab
  artifactKey: Guid(1aba0fbf10ced5447ad5eb30f4652084) Importer(815301076,1909f56bfc062723c751e8b465ee728b)
Start importing Assets/Assets/furniture/nature/Prefabs/Rock4.prefab using Guid(1aba0fbf10ced5447ad5eb30f4652084) Importer(815301076,1909f56bfc062723c751e8b465ee728b) [PhysX] Initialized MultithreadedTaskDispatcher with 20 workers.
[PhysX] Initialized MultithreadedTaskDispatcher with 20 workers.
 -> (artifact id: '0bf189399ed77ffdbe0d9f210ad285d7') in 0.018592 seconds
Number of updated asset objects reloaded before import = 0
Number of asset objects unloaded after import = 9
========================================================================
Received Import Request.
  Time since last request: 0.000038 seconds.
  path: Assets/Assets/furniture/nature/Prefabs/TreeStump.prefab
  artifactKey: Guid(c185f4228ecc7b14cb47ae816197d6b4) Importer(815301076,1909f56bfc062723c751e8b465ee728b)
Start importing Assets/Assets/furniture/nature/Prefabs/TreeStump.prefab using Guid(c185f4228ecc7b14cb47ae816197d6b4) Importer(815301076,1909f56bfc062723c751e8b465ee728b) [PhysX] Initialized MultithreadedTaskDispatcher with 20 workers.
[PhysX] Initialized MultithreadedTaskDispatcher with 20 workers.
 -> (artifact id: 'ebf091e3a0a460cf2fb6ae9358417d67') in 0.026327 seconds
Number of updated asset objects reloaded before import = 0
Number of asset objects unloaded after import = 10
========================================================================
Received Import Request.
  Time since last request: 0.000023 seconds.
  path: Assets/Assets/furniture/nature/Prefabs/Grass1.prefab
  artifactKey: Guid(430aea17f65ddba419bf9f426b17128f) Importer(815301076,1909f56bfc062723c751e8b465ee728b)
Start importing Assets/Assets/furniture/nature/Prefabs/Grass1.prefab using Guid(430aea17f65ddba419bf9f426b17128f) Importer(815301076,1909f56bfc062723c751e8b465ee728b) [PhysX] Initialized MultithreadedTaskDispatcher with 20 workers.
[PhysX] Initialized MultithreadedTaskDispatcher with 20 workers.
 -> (artifact id: '294dcd5daba23e8eb3849ff9262f0095') in 0.020022 seconds
Number of updated asset objects reloaded before import = 0
Number of asset objects unloaded after import = 8
========================================================================
Received Import Request.
  Time since last request: 0.000025 seconds.
  path: Assets/Assets/furniture/nature/Prefabs/Grass2.prefab
  artifactKey: Guid(7ca2fa2809968cf47852232e5d4a6e43) Importer(815301076,1909f56bfc062723c751e8b465ee728b)
Start importing Assets/Assets/furniture/nature/Prefabs/Grass2.prefab using Guid(7ca2fa2809968cf47852232e5d4a6e43) Importer(815301076,1909f56bfc062723c751e8b465ee728b) [PhysX] Initialized MultithreadedTaskDispatcher with 20 workers.
[PhysX] Initialized MultithreadedTaskDispatcher with 20 workers.
 -> (artifact id: 'ea50543f226bf016f403804f2f411a4f') in 0.018803 seconds
Number of updated asset objects reloaded before import = 0
Number of asset objects unloaded after import = 8
========================================================================
Received Import Request.
  Time since last request: 0.000020 seconds.
  path: Assets/Assets/furniture/nature/Prefabs/PlantEx2.prefab
  artifactKey: Guid(6ab95afc5b621784ca0606b0b15afde3) Importer(815301076,1909f56bfc062723c751e8b465ee728b)
Start importing Assets/Assets/furniture/nature/Prefabs/PlantEx2.prefab using Guid(6ab95afc5b621784ca0606b0b15afde3) Importer(815301076,1909f56bfc062723c751e8b465ee728b) [PhysX] Initialized MultithreadedTaskDispatcher with 20 workers.
[PhysX] Initialized MultithreadedTaskDispatcher with 20 workers.
 -> (artifact id: '64d0eb534d4617da0c133ebc73548abe') in 0.018367 seconds
Number of updated asset objects reloaded before import = 0
Number of asset objects unloaded after import = 8
========================================================================
Received Import Request.
  Time since last request: 0.000030 seconds.
  path: Assets/Assets/furniture/nature/Prefabs/PlantEx1.prefab
  artifactKey: Guid(c0c49c89c2d72a14892c9d4ad23f6dc1) Importer(815301076,1909f56bfc062723c751e8b465ee728b)
Start importing Assets/Assets/furniture/nature/Prefabs/PlantEx1.prefab using Guid(c0c49c89c2d72a14892c9d4ad23f6dc1) Importer(815301076,1909f56bfc062723c751e8b465ee728b) [PhysX] Initialized MultithreadedTaskDispatcher with 20 workers.
[PhysX] Initialized MultithreadedTaskDispatcher with 20 workers.
 -> (artifact id: '3fa08e44b36b9fc8768e6121018a1764') in 0.018504 seconds
Number of updated asset objects reloaded before import = 0
Number of asset objects unloaded after import = 8
========================================================================
Received Import Request.
  Time since last request: 0.000021 seconds.
  path: Assets/Assets/furniture/nature/Prefabs/Grass4.prefab
  artifactKey: Guid(08bdb42a7413db34e867890b29e20ecd) Importer(815301076,1909f56bfc062723c751e8b465ee728b)
Start importing Assets/Assets/furniture/nature/Prefabs/Grass4.prefab using Guid(08bdb42a7413db34e867890b29e20ecd) Importer(815301076,1909f56bfc062723c751e8b465ee728b) [PhysX] Initialized MultithreadedTaskDispatcher with 20 workers.
[PhysX] Initialized MultithreadedTaskDispatcher with 20 workers.
 -> (artifact id: '3be9b791c11ec104339bde20eb917e4e') in 0.021432 seconds
Number of updated asset objects reloaded before import = 0
Number of asset objects unloaded after import = 8
========================================================================
Received Import Request.
  Time since last request: 0.000016 seconds.
  path: Assets/Assets/furniture/nature/Prefabs/Rock3.prefab
  artifactKey: Guid(1cc366ffed1f2924690139d67a88b254) Importer(815301076,1909f56bfc062723c751e8b465ee728b)
Start importing Assets/Assets/furniture/nature/Prefabs/Rock3.prefab using Guid(1cc366ffed1f2924690139d67a88b254) Importer(815301076,1909f56bfc062723c751e8b465ee728b) [PhysX] Initialized MultithreadedTaskDispatcher with 20 workers.
[PhysX] Initialized MultithreadedTaskDispatcher with 20 workers.
 -> (artifact id: '19ba8ee5f0de2b9ad4469c01f4af7e52') in 0.016210 seconds
Number of updated asset objects reloaded before import = 0
Number of asset objects unloaded after import = 9
========================================================================
Received Prepare
Caller must complete domain reload
Begin MonoManager ReloadAssembly
- Loaded All Assemblies, in  0.209 seconds
Native extension for WindowsStandalone target not found
Native extension for iOS target not found
Native extension for Android target not found
Mono: successfully reloaded assembly
- Finished resetting the current domain, in  0.390 seconds
Domain Reload Profiling: 599ms
	BeginReloadAssembly (138ms)
		ExecutionOrderSort (0ms)
		DisableScriptedObjects (5ms)
		BackupInstance (0ms)
		ReleaseScriptingObjects (0ms)
		CreateAndSetChildDomain (19ms)
	RebuildCommonClasses (29ms)
	RebuildNativeTypeToScriptingClass (10ms)
	initialDomainReloadingComplete (18ms)
	LoadAllAssembliesAndSetupDomain (13ms)
		LoadAssemblies (89ms)
		RebuildTransferFunctionScriptingTraits (0ms)
		AnalyzeDomain (6ms)
			TypeCache.Refresh (4ms)
				TypeCache.ScanAssembly (0ms)
			ScanForSourceGeneratedMonoScriptInfo (0ms)
			ResolveRequiredComponents (1ms)
	FinalizeReload (391ms)
		ReleaseScriptCaches (0ms)
		RebuildScriptCaches (0ms)
		SetupLoadedEditorAssemblies (224ms)
			LogAssemblyErrors (0ms)
			InitializePlatformSupportModulesInManaged (30ms)
			SetLoadedEditorAssemblies (5ms)
			RefreshPlugins (0ms)
			BeforeProcessingInitializeOnLoad (32ms)
			ProcessInitializeOnLoadAttributes (138ms)
			ProcessInitializeOnLoadMethodAttributes (16ms)
			AfterProcessingInitializeOnLoad (3ms)
			EditorAssembliesLoaded (0ms)
		ExecutionOrderSort2 (0ms)
		AwakeInstancesAfterBackupRestoration (5ms)
Refreshing native plugins compatible for Editor in 0.00 ms, found 0 plugins.
Preloading 0 native plugins for Editor in 0.00 ms.
Unloading 379 Unused Serialized files (Serialized files now loaded: 0)
Unloading 1 unused Assets / (78.3 KB). Loaded Objects now: 918.
Memory consumption went from 80.7 MB to 80.6 MB.
Total: 3.420200 ms (FindLiveObjects: 0.097000 ms CreateObjectMapping: 0.025900 ms MarkObjects: 3.188800 ms  DeleteObjects: 0.107100 ms)

Prepare: number of updated asset objects reloaded= 0
AssetImportParameters requested are different than current active one (requested -> active):
  custom:video-encoder-webm-vp8: eb34c28f22e8b96e1ab97ce403110664 -> 
  custom:video-decoder-webm-vp8: 9c59270c3fd7afecdb556c50c9e8de78 -> 
  custom:audio-decoder-ogg-vorbis: bf7c407c2cedff20999df2af8eb42d56 -> 
  custom:video-decoder-ogg-theora: a1e56fd34408186e4bbccfd4996cb3dc -> 
  custom:audio-encoder-webm-vorbis: bf7c407c2cedff20999df2af8eb42d56 -> 
  custom:SearchIndexIgnoredProperties: e643bd26f0fe6173181afceb89e7c659 -> 
  custom:container-demuxer-ogg: 62fdf1f143b41e24485cea50d1cbac27 -> 
  custom:AudioImporter_EditorPlatform: d09bf68614088b80899f8185d706f6e7 -> 
  custom:CustomObjectIndexerAttribute: 9a22284fe3817be447336de3de66b15e -> 
  custom:framework-win-MediaFoundation: 216162199b28c13a410421893ffa2e32 -> 
  custom:container-demuxer-webm: 4f35f7cbe854078d1ac9338744f61a02 -> 
  custom:container-muxer-webm: aa71ff27fc2769a1b78a27578f13a17b -> 
Editor requested this worker to shutdown with reason: Scaling down because of idle timeout
TcpMessagingSession - receive error: operation aborted. errorcode: 995, details: The I/O operation has been aborted because of either a thread exit or an application request.
AssetImportWorker is now disconnected from the server
Process exiting
Exiting without the bug reporter. Application will terminate with return code 0